{
  "stats": {
    "suites": 1,
    "tests": 6,
    "passes": 4,
    "pending": 0,
    "failures": 2,
    "start": "2025-06-02T01:33:37.039Z",
    "end": "2025-06-02T01:33:57.012Z",
    "duration": 19973,
    "testsRegistered": 6,
    "passPercent": 66.66666666666666,
    "pendingPercent": 0,
    "other": 0,
    "hasOther": false,
    "skipped": 0,
    "hasSkipped": false
  },
  "results": [
    {
      "uuid": "2ca37d5d-e31e-409f-87ca-3ea141d2109a",
      "title": "",
      "fullFile": "cypress/features/checkout.feature",
      "file": "cypress/features/checkout.feature",
      "beforeHooks": [],
      "afterHooks": [],
      "tests": [],
      "suites": [
        {
          "uuid": "8bc1a2e4-0109-449e-99f3-3e2f9293ac5f",
          "title": "Adding Products to the Cart and Checkout",
          "fullFile": "",
          "file": "",
          "beforeHooks": [],
          "afterHooks": [],
          "tests": [
            {
              "title": "Verify user can add one item to the cart (example #1)",
              "fullTitle": "Adding Products to the Cart and Checkout Verify user can add one item to the cart (example #1)",
              "timedOut": null,
              "duration": 3812,
              "state": "passed",
              "speed": "fast",
              "pass": true,
              "fail": false,
              "pending": false,
              "context": null,
              "code": "var _a3, _b, _c, _d, _e3;\nconst { remainingSteps, testCaseStartedId } = retrieveInternalSpecProperties();\nif (context.messagesEnabled) {\n  taskTestCaseStarted({\n    id: testCaseStartedId,\n    testCaseId,\n    attempt: attempt++,\n    timestamp: (0, messages_1.createTimestamp)()\n  });\n}\nwindow.testState = {\n  gherkinDocument,\n  pickles,\n  pickle\n};\nfor (const step of steps) {\n  if (step.hook) {\n    const hook = step.hook;\n    cy.then(() => {\n      delete window.testState.pickleStep;\n      const start = (0, messages_1.createTimestamp)();\n      internalProperties.currentStepStartedAt = start;\n      if (context.messagesEnabled) {\n        taskTestStepStarted({\n          testStepId: hook.id,\n          testCaseStartedId,\n          timestamp: start\n        });\n      }\n      return cy.wrap(start, { log: false });\n    }).then((start) => {\n      (0, cypress_1.runStepWithLogGroup)({\n        fn: () => registry2.runHook(this, hook),\n        keyword: hook.keyword,\n        text: hook.tags\n      });\n      return cy.wrap(start, { log: false });\n    }).then((start) => {\n      const end = (0, messages_1.createTimestamp)();\n      if (context.messagesEnabled) {\n        taskTestStepFinished({\n          testStepId: hook.id,\n          testCaseStartedId,\n          testStepResult: {\n            status: messages.TestStepResultStatus.PASSED,\n            duration: (0, messages_1.duration)(start, end)\n          },\n          timestamp: end\n        });\n      }\n      remainingSteps.shift();\n    });\n  } else if (step.pickleStep) {\n    const pickleStep = step.pickleStep;\n    const text = (0, assertions_1.assertAndReturn)(pickleStep.text, \"Expected pickle step to have a text\");\n    const scenarioStep = (0, assertions_1.assertAndReturn)(context.astIdsMap.get((0, assertions_1.assertAndReturn)((_a3 = pickleStep.astNodeIds) === null || _a3 === void 0 ? void 0 : _a3[0], \"Expected to find at least one astNodeId\")), `Expected to find scenario step associated with id = ${(_b = pickleStep.astNodeIds) === null || _b === void 0 ? void 0 : _b[0]}`);\n    const argument = ((_c = pickleStep.argument) === null || _c === void 0 ? void 0 : _c.dataTable) ? new data_table_1.default(pickleStep.argument.dataTable) : ((_e3 = (_d = pickleStep.argument) === null || _d === void 0 ? void 0 : _d.docString) === null || _e3 === void 0 ? void 0 : _e3.content) ? pickleStep.argument.docString.content : void 0;\n    cy.then(() => {\n      window.testState.pickleStep = step.pickleStep;\n      const start = (0, messages_1.createTimestamp)();\n      internalProperties.currentStep = { pickleStep };\n      internalProperties.currentStepStartedAt = start;\n      if (context.messagesEnabled) {\n        taskTestStepStarted({\n          testStepId: pickleStep.id,\n          testCaseStartedId,\n          timestamp: start\n        });\n      }\n      return cy.wrap(start, { log: false });\n    }).then((start) => {\n      const beforeStepHooks = registry2.resolveBeforeStepHooks(tags);\n      const afterStepHooks = registry2.resolveAfterStepHooks(tags);\n      const options = {\n        pickle,\n        pickleStep,\n        gherkinDocument,\n        testCaseStartedId,\n        testStepId: pickleStep.id\n      };\n      const beforeHooksChain = beforeStepHooks.reduce((chain, beforeStepHook) => {\n        return chain.then(() => (0, cypress_1.runStepWithLogGroup)({\n          keyword: \"BeforeStep\",\n          text: beforeStepHook.tags,\n          fn: () => registry2.runStepHook(this, beforeStepHook, options)\n        }));\n      }, cy.wrap({}, { log: false }));\n      return beforeHooksChain.then(() => {\n        try {\n          return (0, cypress_1.runStepWithLogGroup)({\n            keyword: (0, assertions_1.assertAndReturn)(\"keyword\" in scenarioStep && scenarioStep.keyword, \"Expected to find a keyword in the scenario step\"),\n            argument,\n            text,\n            fn: () => registry2.runStepDefininition(this, text, argument)\n          }).then((result) => {\n            return afterStepHooks.reverse().reduce((chain, afterStepHook) => {\n              return chain.then(() => (0, cypress_1.runStepWithLogGroup)({\n                keyword: \"AfterStep\",\n                text: afterStepHook.tags,\n                fn: () => registry2.runStepHook(this, afterStepHook, options)\n              }));\n            }, cy.wrap({}, { log: false })).then(() => {\n              return { start, result };\n            });\n          });\n        } catch (e2) {\n          if (e2 instanceof registry_1.MissingDefinitionError) {\n            throw new Error(createMissingStepDefinitionMessage(context, pickleStep, context.registry.parameterTypeRegistry));\n          } else {\n            throw e2;\n          }\n        }\n      });\n    }).then(({ start, result }) => {\n      var _a4, _b2, _c2;\n      const end = (0, messages_1.createTimestamp)();\n      if (result === \"pending\") {\n        if (context.messagesEnabled) {\n          taskTestStepFinished({\n            testStepId: pickleStep.id,\n            testCaseStartedId,\n            testStepResult: {\n              status: messages.TestStepResultStatus.PENDING,\n              duration: (0, messages_1.duration)(start, end)\n            },\n            timestamp: end\n          });\n          remainingSteps.shift();\n          for (const skippedStep of remainingSteps) {\n            const testStepId = (0, assertions_1.assertAndReturn)((_b2 = (_a4 = skippedStep.hook) === null || _a4 === void 0 ? void 0 : _a4.id) !== null && _b2 !== void 0 ? _b2 : (_c2 = skippedStep.pickleStep) === null || _c2 === void 0 ? void 0 : _c2.id, \"Expected a step to either be a hook or a pickleStep\");\n            taskTestStepStarted({\n              testStepId,\n              testCaseStartedId,\n              timestamp: (0, messages_1.createTimestamp)()\n            });\n            taskTestStepFinished({\n              testStepId,\n              testCaseStartedId,\n              testStepResult: {\n                status: messages.TestStepResultStatus.SKIPPED,\n                duration: {\n                  seconds: 0,\n                  nanos: 0\n                }\n              },\n              timestamp: (0, messages_1.createTimestamp)()\n            });\n          }\n        }\n        for (let i2 = 0, count = remainingSteps.length; i2 < count; i2++) {\n          remainingSteps.pop();\n        }\n        cy.then(() => this.skip());\n      } else {\n        if (context.messagesEnabled) {\n          taskTestStepFinished({\n            testStepId: pickleStep.id,\n            testCaseStartedId,\n            testStepResult: {\n              status: messages.TestStepResultStatus.PASSED,\n              duration: (0, messages_1.duration)(start, end)\n            },\n            timestamp: end\n          });\n        }\n        remainingSteps.shift();\n      }\n    });\n  }\n}",
              "err": {},
              "uuid": "7f2d5d4f-b2d5-4b3d-8910-6f2121ee503b",
              "parentUUID": "8bc1a2e4-0109-449e-99f3-3e2f9293ac5f",
              "isHook": false,
              "skipped": false
            },
            {
              "title": "Verify user can remove one item from the cart (example #1)",
              "fullTitle": "Adding Products to the Cart and Checkout Verify user can remove one item from the cart (example #1)",
              "timedOut": null,
              "duration": 963,
              "state": "passed",
              "speed": "fast",
              "pass": true,
              "fail": false,
              "pending": false,
              "context": null,
              "code": "var _a3, _b, _c, _d, _e3;\nconst { remainingSteps, testCaseStartedId } = retrieveInternalSpecProperties();\nif (context.messagesEnabled) {\n  taskTestCaseStarted({\n    id: testCaseStartedId,\n    testCaseId,\n    attempt: attempt++,\n    timestamp: (0, messages_1.createTimestamp)()\n  });\n}\nwindow.testState = {\n  gherkinDocument,\n  pickles,\n  pickle\n};\nfor (const step of steps) {\n  if (step.hook) {\n    const hook = step.hook;\n    cy.then(() => {\n      delete window.testState.pickleStep;\n      const start = (0, messages_1.createTimestamp)();\n      internalProperties.currentStepStartedAt = start;\n      if (context.messagesEnabled) {\n        taskTestStepStarted({\n          testStepId: hook.id,\n          testCaseStartedId,\n          timestamp: start\n        });\n      }\n      return cy.wrap(start, { log: false });\n    }).then((start) => {\n      (0, cypress_1.runStepWithLogGroup)({\n        fn: () => registry2.runHook(this, hook),\n        keyword: hook.keyword,\n        text: hook.tags\n      });\n      return cy.wrap(start, { log: false });\n    }).then((start) => {\n      const end = (0, messages_1.createTimestamp)();\n      if (context.messagesEnabled) {\n        taskTestStepFinished({\n          testStepId: hook.id,\n          testCaseStartedId,\n          testStepResult: {\n            status: messages.TestStepResultStatus.PASSED,\n            duration: (0, messages_1.duration)(start, end)\n          },\n          timestamp: end\n        });\n      }\n      remainingSteps.shift();\n    });\n  } else if (step.pickleStep) {\n    const pickleStep = step.pickleStep;\n    const text = (0, assertions_1.assertAndReturn)(pickleStep.text, \"Expected pickle step to have a text\");\n    const scenarioStep = (0, assertions_1.assertAndReturn)(context.astIdsMap.get((0, assertions_1.assertAndReturn)((_a3 = pickleStep.astNodeIds) === null || _a3 === void 0 ? void 0 : _a3[0], \"Expected to find at least one astNodeId\")), `Expected to find scenario step associated with id = ${(_b = pickleStep.astNodeIds) === null || _b === void 0 ? void 0 : _b[0]}`);\n    const argument = ((_c = pickleStep.argument) === null || _c === void 0 ? void 0 : _c.dataTable) ? new data_table_1.default(pickleStep.argument.dataTable) : ((_e3 = (_d = pickleStep.argument) === null || _d === void 0 ? void 0 : _d.docString) === null || _e3 === void 0 ? void 0 : _e3.content) ? pickleStep.argument.docString.content : void 0;\n    cy.then(() => {\n      window.testState.pickleStep = step.pickleStep;\n      const start = (0, messages_1.createTimestamp)();\n      internalProperties.currentStep = { pickleStep };\n      internalProperties.currentStepStartedAt = start;\n      if (context.messagesEnabled) {\n        taskTestStepStarted({\n          testStepId: pickleStep.id,\n          testCaseStartedId,\n          timestamp: start\n        });\n      }\n      return cy.wrap(start, { log: false });\n    }).then((start) => {\n      const beforeStepHooks = registry2.resolveBeforeStepHooks(tags);\n      const afterStepHooks = registry2.resolveAfterStepHooks(tags);\n      const options = {\n        pickle,\n        pickleStep,\n        gherkinDocument,\n        testCaseStartedId,\n        testStepId: pickleStep.id\n      };\n      const beforeHooksChain = beforeStepHooks.reduce((chain, beforeStepHook) => {\n        return chain.then(() => (0, cypress_1.runStepWithLogGroup)({\n          keyword: \"BeforeStep\",\n          text: beforeStepHook.tags,\n          fn: () => registry2.runStepHook(this, beforeStepHook, options)\n        }));\n      }, cy.wrap({}, { log: false }));\n      return beforeHooksChain.then(() => {\n        try {\n          return (0, cypress_1.runStepWithLogGroup)({\n            keyword: (0, assertions_1.assertAndReturn)(\"keyword\" in scenarioStep && scenarioStep.keyword, \"Expected to find a keyword in the scenario step\"),\n            argument,\n            text,\n            fn: () => registry2.runStepDefininition(this, text, argument)\n          }).then((result) => {\n            return afterStepHooks.reverse().reduce((chain, afterStepHook) => {\n              return chain.then(() => (0, cypress_1.runStepWithLogGroup)({\n                keyword: \"AfterStep\",\n                text: afterStepHook.tags,\n                fn: () => registry2.runStepHook(this, afterStepHook, options)\n              }));\n            }, cy.wrap({}, { log: false })).then(() => {\n              return { start, result };\n            });\n          });\n        } catch (e2) {\n          if (e2 instanceof registry_1.MissingDefinitionError) {\n            throw new Error(createMissingStepDefinitionMessage(context, pickleStep, context.registry.parameterTypeRegistry));\n          } else {\n            throw e2;\n          }\n        }\n      });\n    }).then(({ start, result }) => {\n      var _a4, _b2, _c2;\n      const end = (0, messages_1.createTimestamp)();\n      if (result === \"pending\") {\n        if (context.messagesEnabled) {\n          taskTestStepFinished({\n            testStepId: pickleStep.id,\n            testCaseStartedId,\n            testStepResult: {\n              status: messages.TestStepResultStatus.PENDING,\n              duration: (0, messages_1.duration)(start, end)\n            },\n            timestamp: end\n          });\n          remainingSteps.shift();\n          for (const skippedStep of remainingSteps) {\n            const testStepId = (0, assertions_1.assertAndReturn)((_b2 = (_a4 = skippedStep.hook) === null || _a4 === void 0 ? void 0 : _a4.id) !== null && _b2 !== void 0 ? _b2 : (_c2 = skippedStep.pickleStep) === null || _c2 === void 0 ? void 0 : _c2.id, \"Expected a step to either be a hook or a pickleStep\");\n            taskTestStepStarted({\n              testStepId,\n              testCaseStartedId,\n              timestamp: (0, messages_1.createTimestamp)()\n            });\n            taskTestStepFinished({\n              testStepId,\n              testCaseStartedId,\n              testStepResult: {\n                status: messages.TestStepResultStatus.SKIPPED,\n                duration: {\n                  seconds: 0,\n                  nanos: 0\n                }\n              },\n              timestamp: (0, messages_1.createTimestamp)()\n            });\n          }\n        }\n        for (let i2 = 0, count = remainingSteps.length; i2 < count; i2++) {\n          remainingSteps.pop();\n        }\n        cy.then(() => this.skip());\n      } else {\n        if (context.messagesEnabled) {\n          taskTestStepFinished({\n            testStepId: pickleStep.id,\n            testCaseStartedId,\n            testStepResult: {\n              status: messages.TestStepResultStatus.PASSED,\n              duration: (0, messages_1.duration)(start, end)\n            },\n            timestamp: end\n          });\n        }\n        remainingSteps.shift();\n      }\n    });\n  }\n}",
              "err": {},
              "uuid": "53a3c359-8be9-4338-a021-e09d4e97d10b",
              "parentUUID": "8bc1a2e4-0109-449e-99f3-3e2f9293ac5f",
              "isHook": false,
              "skipped": false
            },
            {
              "title": "Verify user can add multiple items to the cart (example #1)",
              "fullTitle": "Adding Products to the Cart and Checkout Verify user can add multiple items to the cart (example #1)",
              "timedOut": null,
              "duration": 1221,
              "state": "passed",
              "speed": "fast",
              "pass": true,
              "fail": false,
              "pending": false,
              "context": null,
              "code": "var _a3, _b, _c, _d, _e3;\nconst { remainingSteps, testCaseStartedId } = retrieveInternalSpecProperties();\nif (context.messagesEnabled) {\n  taskTestCaseStarted({\n    id: testCaseStartedId,\n    testCaseId,\n    attempt: attempt++,\n    timestamp: (0, messages_1.createTimestamp)()\n  });\n}\nwindow.testState = {\n  gherkinDocument,\n  pickles,\n  pickle\n};\nfor (const step of steps) {\n  if (step.hook) {\n    const hook = step.hook;\n    cy.then(() => {\n      delete window.testState.pickleStep;\n      const start = (0, messages_1.createTimestamp)();\n      internalProperties.currentStepStartedAt = start;\n      if (context.messagesEnabled) {\n        taskTestStepStarted({\n          testStepId: hook.id,\n          testCaseStartedId,\n          timestamp: start\n        });\n      }\n      return cy.wrap(start, { log: false });\n    }).then((start) => {\n      (0, cypress_1.runStepWithLogGroup)({\n        fn: () => registry2.runHook(this, hook),\n        keyword: hook.keyword,\n        text: hook.tags\n      });\n      return cy.wrap(start, { log: false });\n    }).then((start) => {\n      const end = (0, messages_1.createTimestamp)();\n      if (context.messagesEnabled) {\n        taskTestStepFinished({\n          testStepId: hook.id,\n          testCaseStartedId,\n          testStepResult: {\n            status: messages.TestStepResultStatus.PASSED,\n            duration: (0, messages_1.duration)(start, end)\n          },\n          timestamp: end\n        });\n      }\n      remainingSteps.shift();\n    });\n  } else if (step.pickleStep) {\n    const pickleStep = step.pickleStep;\n    const text = (0, assertions_1.assertAndReturn)(pickleStep.text, \"Expected pickle step to have a text\");\n    const scenarioStep = (0, assertions_1.assertAndReturn)(context.astIdsMap.get((0, assertions_1.assertAndReturn)((_a3 = pickleStep.astNodeIds) === null || _a3 === void 0 ? void 0 : _a3[0], \"Expected to find at least one astNodeId\")), `Expected to find scenario step associated with id = ${(_b = pickleStep.astNodeIds) === null || _b === void 0 ? void 0 : _b[0]}`);\n    const argument = ((_c = pickleStep.argument) === null || _c === void 0 ? void 0 : _c.dataTable) ? new data_table_1.default(pickleStep.argument.dataTable) : ((_e3 = (_d = pickleStep.argument) === null || _d === void 0 ? void 0 : _d.docString) === null || _e3 === void 0 ? void 0 : _e3.content) ? pickleStep.argument.docString.content : void 0;\n    cy.then(() => {\n      window.testState.pickleStep = step.pickleStep;\n      const start = (0, messages_1.createTimestamp)();\n      internalProperties.currentStep = { pickleStep };\n      internalProperties.currentStepStartedAt = start;\n      if (context.messagesEnabled) {\n        taskTestStepStarted({\n          testStepId: pickleStep.id,\n          testCaseStartedId,\n          timestamp: start\n        });\n      }\n      return cy.wrap(start, { log: false });\n    }).then((start) => {\n      const beforeStepHooks = registry2.resolveBeforeStepHooks(tags);\n      const afterStepHooks = registry2.resolveAfterStepHooks(tags);\n      const options = {\n        pickle,\n        pickleStep,\n        gherkinDocument,\n        testCaseStartedId,\n        testStepId: pickleStep.id\n      };\n      const beforeHooksChain = beforeStepHooks.reduce((chain, beforeStepHook) => {\n        return chain.then(() => (0, cypress_1.runStepWithLogGroup)({\n          keyword: \"BeforeStep\",\n          text: beforeStepHook.tags,\n          fn: () => registry2.runStepHook(this, beforeStepHook, options)\n        }));\n      }, cy.wrap({}, { log: false }));\n      return beforeHooksChain.then(() => {\n        try {\n          return (0, cypress_1.runStepWithLogGroup)({\n            keyword: (0, assertions_1.assertAndReturn)(\"keyword\" in scenarioStep && scenarioStep.keyword, \"Expected to find a keyword in the scenario step\"),\n            argument,\n            text,\n            fn: () => registry2.runStepDefininition(this, text, argument)\n          }).then((result) => {\n            return afterStepHooks.reverse().reduce((chain, afterStepHook) => {\n              return chain.then(() => (0, cypress_1.runStepWithLogGroup)({\n                keyword: \"AfterStep\",\n                text: afterStepHook.tags,\n                fn: () => registry2.runStepHook(this, afterStepHook, options)\n              }));\n            }, cy.wrap({}, { log: false })).then(() => {\n              return { start, result };\n            });\n          });\n        } catch (e2) {\n          if (e2 instanceof registry_1.MissingDefinitionError) {\n            throw new Error(createMissingStepDefinitionMessage(context, pickleStep, context.registry.parameterTypeRegistry));\n          } else {\n            throw e2;\n          }\n        }\n      });\n    }).then(({ start, result }) => {\n      var _a4, _b2, _c2;\n      const end = (0, messages_1.createTimestamp)();\n      if (result === \"pending\") {\n        if (context.messagesEnabled) {\n          taskTestStepFinished({\n            testStepId: pickleStep.id,\n            testCaseStartedId,\n            testStepResult: {\n              status: messages.TestStepResultStatus.PENDING,\n              duration: (0, messages_1.duration)(start, end)\n            },\n            timestamp: end\n          });\n          remainingSteps.shift();\n          for (const skippedStep of remainingSteps) {\n            const testStepId = (0, assertions_1.assertAndReturn)((_b2 = (_a4 = skippedStep.hook) === null || _a4 === void 0 ? void 0 : _a4.id) !== null && _b2 !== void 0 ? _b2 : (_c2 = skippedStep.pickleStep) === null || _c2 === void 0 ? void 0 : _c2.id, \"Expected a step to either be a hook or a pickleStep\");\n            taskTestStepStarted({\n              testStepId,\n              testCaseStartedId,\n              timestamp: (0, messages_1.createTimestamp)()\n            });\n            taskTestStepFinished({\n              testStepId,\n              testCaseStartedId,\n              testStepResult: {\n                status: messages.TestStepResultStatus.SKIPPED,\n                duration: {\n                  seconds: 0,\n                  nanos: 0\n                }\n              },\n              timestamp: (0, messages_1.createTimestamp)()\n            });\n          }\n        }\n        for (let i2 = 0, count = remainingSteps.length; i2 < count; i2++) {\n          remainingSteps.pop();\n        }\n        cy.then(() => this.skip());\n      } else {\n        if (context.messagesEnabled) {\n          taskTestStepFinished({\n            testStepId: pickleStep.id,\n            testCaseStartedId,\n            testStepResult: {\n              status: messages.TestStepResultStatus.PASSED,\n              duration: (0, messages_1.duration)(start, end)\n            },\n            timestamp: end\n          });\n        }\n        remainingSteps.shift();\n      }\n    });\n  }\n}",
              "err": {},
              "uuid": "56cee12f-c503-41ab-8faf-92772c8002d5",
              "parentUUID": "8bc1a2e4-0109-449e-99f3-3e2f9293ac5f",
              "isHook": false,
              "skipped": false
            },
            {
              "title": "Verify user can remove multiple items from the cart (example #1)",
              "fullTitle": "Adding Products to the Cart and Checkout Verify user can remove multiple items from the cart (example #1)",
              "timedOut": null,
              "duration": 1882,
              "state": "passed",
              "speed": "fast",
              "pass": true,
              "fail": false,
              "pending": false,
              "context": null,
              "code": "var _a3, _b, _c, _d, _e3;\nconst { remainingSteps, testCaseStartedId } = retrieveInternalSpecProperties();\nif (context.messagesEnabled) {\n  taskTestCaseStarted({\n    id: testCaseStartedId,\n    testCaseId,\n    attempt: attempt++,\n    timestamp: (0, messages_1.createTimestamp)()\n  });\n}\nwindow.testState = {\n  gherkinDocument,\n  pickles,\n  pickle\n};\nfor (const step of steps) {\n  if (step.hook) {\n    const hook = step.hook;\n    cy.then(() => {\n      delete window.testState.pickleStep;\n      const start = (0, messages_1.createTimestamp)();\n      internalProperties.currentStepStartedAt = start;\n      if (context.messagesEnabled) {\n        taskTestStepStarted({\n          testStepId: hook.id,\n          testCaseStartedId,\n          timestamp: start\n        });\n      }\n      return cy.wrap(start, { log: false });\n    }).then((start) => {\n      (0, cypress_1.runStepWithLogGroup)({\n        fn: () => registry2.runHook(this, hook),\n        keyword: hook.keyword,\n        text: hook.tags\n      });\n      return cy.wrap(start, { log: false });\n    }).then((start) => {\n      const end = (0, messages_1.createTimestamp)();\n      if (context.messagesEnabled) {\n        taskTestStepFinished({\n          testStepId: hook.id,\n          testCaseStartedId,\n          testStepResult: {\n            status: messages.TestStepResultStatus.PASSED,\n            duration: (0, messages_1.duration)(start, end)\n          },\n          timestamp: end\n        });\n      }\n      remainingSteps.shift();\n    });\n  } else if (step.pickleStep) {\n    const pickleStep = step.pickleStep;\n    const text = (0, assertions_1.assertAndReturn)(pickleStep.text, \"Expected pickle step to have a text\");\n    const scenarioStep = (0, assertions_1.assertAndReturn)(context.astIdsMap.get((0, assertions_1.assertAndReturn)((_a3 = pickleStep.astNodeIds) === null || _a3 === void 0 ? void 0 : _a3[0], \"Expected to find at least one astNodeId\")), `Expected to find scenario step associated with id = ${(_b = pickleStep.astNodeIds) === null || _b === void 0 ? void 0 : _b[0]}`);\n    const argument = ((_c = pickleStep.argument) === null || _c === void 0 ? void 0 : _c.dataTable) ? new data_table_1.default(pickleStep.argument.dataTable) : ((_e3 = (_d = pickleStep.argument) === null || _d === void 0 ? void 0 : _d.docString) === null || _e3 === void 0 ? void 0 : _e3.content) ? pickleStep.argument.docString.content : void 0;\n    cy.then(() => {\n      window.testState.pickleStep = step.pickleStep;\n      const start = (0, messages_1.createTimestamp)();\n      internalProperties.currentStep = { pickleStep };\n      internalProperties.currentStepStartedAt = start;\n      if (context.messagesEnabled) {\n        taskTestStepStarted({\n          testStepId: pickleStep.id,\n          testCaseStartedId,\n          timestamp: start\n        });\n      }\n      return cy.wrap(start, { log: false });\n    }).then((start) => {\n      const beforeStepHooks = registry2.resolveBeforeStepHooks(tags);\n      const afterStepHooks = registry2.resolveAfterStepHooks(tags);\n      const options = {\n        pickle,\n        pickleStep,\n        gherkinDocument,\n        testCaseStartedId,\n        testStepId: pickleStep.id\n      };\n      const beforeHooksChain = beforeStepHooks.reduce((chain, beforeStepHook) => {\n        return chain.then(() => (0, cypress_1.runStepWithLogGroup)({\n          keyword: \"BeforeStep\",\n          text: beforeStepHook.tags,\n          fn: () => registry2.runStepHook(this, beforeStepHook, options)\n        }));\n      }, cy.wrap({}, { log: false }));\n      return beforeHooksChain.then(() => {\n        try {\n          return (0, cypress_1.runStepWithLogGroup)({\n            keyword: (0, assertions_1.assertAndReturn)(\"keyword\" in scenarioStep && scenarioStep.keyword, \"Expected to find a keyword in the scenario step\"),\n            argument,\n            text,\n            fn: () => registry2.runStepDefininition(this, text, argument)\n          }).then((result) => {\n            return afterStepHooks.reverse().reduce((chain, afterStepHook) => {\n              return chain.then(() => (0, cypress_1.runStepWithLogGroup)({\n                keyword: \"AfterStep\",\n                text: afterStepHook.tags,\n                fn: () => registry2.runStepHook(this, afterStepHook, options)\n              }));\n            }, cy.wrap({}, { log: false })).then(() => {\n              return { start, result };\n            });\n          });\n        } catch (e2) {\n          if (e2 instanceof registry_1.MissingDefinitionError) {\n            throw new Error(createMissingStepDefinitionMessage(context, pickleStep, context.registry.parameterTypeRegistry));\n          } else {\n            throw e2;\n          }\n        }\n      });\n    }).then(({ start, result }) => {\n      var _a4, _b2, _c2;\n      const end = (0, messages_1.createTimestamp)();\n      if (result === \"pending\") {\n        if (context.messagesEnabled) {\n          taskTestStepFinished({\n            testStepId: pickleStep.id,\n            testCaseStartedId,\n            testStepResult: {\n              status: messages.TestStepResultStatus.PENDING,\n              duration: (0, messages_1.duration)(start, end)\n            },\n            timestamp: end\n          });\n          remainingSteps.shift();\n          for (const skippedStep of remainingSteps) {\n            const testStepId = (0, assertions_1.assertAndReturn)((_b2 = (_a4 = skippedStep.hook) === null || _a4 === void 0 ? void 0 : _a4.id) !== null && _b2 !== void 0 ? _b2 : (_c2 = skippedStep.pickleStep) === null || _c2 === void 0 ? void 0 : _c2.id, \"Expected a step to either be a hook or a pickleStep\");\n            taskTestStepStarted({\n              testStepId,\n              testCaseStartedId,\n              timestamp: (0, messages_1.createTimestamp)()\n            });\n            taskTestStepFinished({\n              testStepId,\n              testCaseStartedId,\n              testStepResult: {\n                status: messages.TestStepResultStatus.SKIPPED,\n                duration: {\n                  seconds: 0,\n                  nanos: 0\n                }\n              },\n              timestamp: (0, messages_1.createTimestamp)()\n            });\n          }\n        }\n        for (let i2 = 0, count = remainingSteps.length; i2 < count; i2++) {\n          remainingSteps.pop();\n        }\n        cy.then(() => this.skip());\n      } else {\n        if (context.messagesEnabled) {\n          taskTestStepFinished({\n            testStepId: pickleStep.id,\n            testCaseStartedId,\n            testStepResult: {\n              status: messages.TestStepResultStatus.PASSED,\n              duration: (0, messages_1.duration)(start, end)\n            },\n            timestamp: end\n          });\n        }\n        remainingSteps.shift();\n      }\n    });\n  }\n}",
              "err": {},
              "uuid": "e3d7f39a-4edc-4204-af12-90bf62f477bc",
              "parentUUID": "8bc1a2e4-0109-449e-99f3-3e2f9293ac5f",
              "isHook": false,
              "skipped": false
            },
            {
              "title": "Verify user can complete checkout for one item (example #1)",
              "fullTitle": "Adding Products to the Cart and Checkout Verify user can complete checkout for one item (example #1)",
              "timedOut": null,
              "duration": 5807,
              "state": "failed",
              "speed": null,
              "pass": false,
              "fail": true,
              "pending": false,
              "context": null,
              "code": "var _a3, _b, _c, _d, _e3;\nconst { remainingSteps, testCaseStartedId } = retrieveInternalSpecProperties();\nif (context.messagesEnabled) {\n  taskTestCaseStarted({\n    id: testCaseStartedId,\n    testCaseId,\n    attempt: attempt++,\n    timestamp: (0, messages_1.createTimestamp)()\n  });\n}\nwindow.testState = {\n  gherkinDocument,\n  pickles,\n  pickle\n};\nfor (const step of steps) {\n  if (step.hook) {\n    const hook = step.hook;\n    cy.then(() => {\n      delete window.testState.pickleStep;\n      const start = (0, messages_1.createTimestamp)();\n      internalProperties.currentStepStartedAt = start;\n      if (context.messagesEnabled) {\n        taskTestStepStarted({\n          testStepId: hook.id,\n          testCaseStartedId,\n          timestamp: start\n        });\n      }\n      return cy.wrap(start, { log: false });\n    }).then((start) => {\n      (0, cypress_1.runStepWithLogGroup)({\n        fn: () => registry2.runHook(this, hook),\n        keyword: hook.keyword,\n        text: hook.tags\n      });\n      return cy.wrap(start, { log: false });\n    }).then((start) => {\n      const end = (0, messages_1.createTimestamp)();\n      if (context.messagesEnabled) {\n        taskTestStepFinished({\n          testStepId: hook.id,\n          testCaseStartedId,\n          testStepResult: {\n            status: messages.TestStepResultStatus.PASSED,\n            duration: (0, messages_1.duration)(start, end)\n          },\n          timestamp: end\n        });\n      }\n      remainingSteps.shift();\n    });\n  } else if (step.pickleStep) {\n    const pickleStep = step.pickleStep;\n    const text = (0, assertions_1.assertAndReturn)(pickleStep.text, \"Expected pickle step to have a text\");\n    const scenarioStep = (0, assertions_1.assertAndReturn)(context.astIdsMap.get((0, assertions_1.assertAndReturn)((_a3 = pickleStep.astNodeIds) === null || _a3 === void 0 ? void 0 : _a3[0], \"Expected to find at least one astNodeId\")), `Expected to find scenario step associated with id = ${(_b = pickleStep.astNodeIds) === null || _b === void 0 ? void 0 : _b[0]}`);\n    const argument = ((_c = pickleStep.argument) === null || _c === void 0 ? void 0 : _c.dataTable) ? new data_table_1.default(pickleStep.argument.dataTable) : ((_e3 = (_d = pickleStep.argument) === null || _d === void 0 ? void 0 : _d.docString) === null || _e3 === void 0 ? void 0 : _e3.content) ? pickleStep.argument.docString.content : void 0;\n    cy.then(() => {\n      window.testState.pickleStep = step.pickleStep;\n      const start = (0, messages_1.createTimestamp)();\n      internalProperties.currentStep = { pickleStep };\n      internalProperties.currentStepStartedAt = start;\n      if (context.messagesEnabled) {\n        taskTestStepStarted({\n          testStepId: pickleStep.id,\n          testCaseStartedId,\n          timestamp: start\n        });\n      }\n      return cy.wrap(start, { log: false });\n    }).then((start) => {\n      const beforeStepHooks = registry2.resolveBeforeStepHooks(tags);\n      const afterStepHooks = registry2.resolveAfterStepHooks(tags);\n      const options = {\n        pickle,\n        pickleStep,\n        gherkinDocument,\n        testCaseStartedId,\n        testStepId: pickleStep.id\n      };\n      const beforeHooksChain = beforeStepHooks.reduce((chain, beforeStepHook) => {\n        return chain.then(() => (0, cypress_1.runStepWithLogGroup)({\n          keyword: \"BeforeStep\",\n          text: beforeStepHook.tags,\n          fn: () => registry2.runStepHook(this, beforeStepHook, options)\n        }));\n      }, cy.wrap({}, { log: false }));\n      return beforeHooksChain.then(() => {\n        try {\n          return (0, cypress_1.runStepWithLogGroup)({\n            keyword: (0, assertions_1.assertAndReturn)(\"keyword\" in scenarioStep && scenarioStep.keyword, \"Expected to find a keyword in the scenario step\"),\n            argument,\n            text,\n            fn: () => registry2.runStepDefininition(this, text, argument)\n          }).then((result) => {\n            return afterStepHooks.reverse().reduce((chain, afterStepHook) => {\n              return chain.then(() => (0, cypress_1.runStepWithLogGroup)({\n                keyword: \"AfterStep\",\n                text: afterStepHook.tags,\n                fn: () => registry2.runStepHook(this, afterStepHook, options)\n              }));\n            }, cy.wrap({}, { log: false })).then(() => {\n              return { start, result };\n            });\n          });\n        } catch (e2) {\n          if (e2 instanceof registry_1.MissingDefinitionError) {\n            throw new Error(createMissingStepDefinitionMessage(context, pickleStep, context.registry.parameterTypeRegistry));\n          } else {\n            throw e2;\n          }\n        }\n      });\n    }).then(({ start, result }) => {\n      var _a4, _b2, _c2;\n      const end = (0, messages_1.createTimestamp)();\n      if (result === \"pending\") {\n        if (context.messagesEnabled) {\n          taskTestStepFinished({\n            testStepId: pickleStep.id,\n            testCaseStartedId,\n            testStepResult: {\n              status: messages.TestStepResultStatus.PENDING,\n              duration: (0, messages_1.duration)(start, end)\n            },\n            timestamp: end\n          });\n          remainingSteps.shift();\n          for (const skippedStep of remainingSteps) {\n            const testStepId = (0, assertions_1.assertAndReturn)((_b2 = (_a4 = skippedStep.hook) === null || _a4 === void 0 ? void 0 : _a4.id) !== null && _b2 !== void 0 ? _b2 : (_c2 = skippedStep.pickleStep) === null || _c2 === void 0 ? void 0 : _c2.id, \"Expected a step to either be a hook or a pickleStep\");\n            taskTestStepStarted({\n              testStepId,\n              testCaseStartedId,\n              timestamp: (0, messages_1.createTimestamp)()\n            });\n            taskTestStepFinished({\n              testStepId,\n              testCaseStartedId,\n              testStepResult: {\n                status: messages.TestStepResultStatus.SKIPPED,\n                duration: {\n                  seconds: 0,\n                  nanos: 0\n                }\n              },\n              timestamp: (0, messages_1.createTimestamp)()\n            });\n          }\n        }\n        for (let i2 = 0, count = remainingSteps.length; i2 < count; i2++) {\n          remainingSteps.pop();\n        }\n        cy.then(() => this.skip());\n      } else {\n        if (context.messagesEnabled) {\n          taskTestStepFinished({\n            testStepId: pickleStep.id,\n            testCaseStartedId,\n            testStepResult: {\n              status: messages.TestStepResultStatus.PASSED,\n              duration: (0, messages_1.duration)(start, end)\n            },\n            timestamp: end\n          });\n        }\n        remainingSteps.shift();\n      }\n    });\n  }\n}",
              "err": {
                "message": "CypressError: `cy.wrap()` timed out waiting `4000ms` to complete.\n\nYou called `cy.wrap()` with a promise that never resolved.\n\nTo increase the timeout, use `{ timeout: number }`\n\nhttps://on.cypress.io/wrap",
                "estack": "CypressError: `cy.wrap()` timed out waiting `4000ms` to complete.\n\nYou called `cy.wrap()` with a promise that never resolved.\n\nTo increase the timeout, use `{ timeout: number }`\n\nhttps://on.cypress.io/wrap\n    at <unknown> (https://www.saucedemo.com/__cypress/runner/cypress_runner.js:120325:70)\n    at tryCatcher (https://www.saucedemo.com/__cypress/runner/cypress_runner.js:1807:23)\n    at <unknown> (https://www.saucedemo.com/__cypress/runner/cypress_runner.js:4186:41)\n    at tryCatcher (https://www.saucedemo.com/__cypress/runner/cypress_runner.js:1807:23)\n    at Promise._settlePromiseFromHandler (https://www.saucedemo.com/__cypress/runner/cypress_runner.js:1519:31)\n    at Promise._settlePromise (https://www.saucedemo.com/__cypress/runner/cypress_runner.js:1576:18)\n    at Promise._settlePromise0 (https://www.saucedemo.com/__cypress/runner/cypress_runner.js:1621:10)\n    at Promise._settlePromises (https://www.saucedemo.com/__cypress/runner/cypress_runner.js:1697:18)\n    at _drainQueueStep (https://www.saucedemo.com/__cypress/runner/cypress_runner.js:2407:12)\n    at _drainQueue (https://www.saucedemo.com/__cypress/runner/cypress_runner.js:2400:9)\n    at Async._drainQueues (https://www.saucedemo.com/__cypress/runner/cypress_runner.js:2416:5)\n    at Async.drainQueues (https://www.saucedemo.com/__cypress/runner/cypress_runner.js:2286:14)\nFrom Your Spec Code:\n    at Context.eval (https://www.saucedemo.com/__cypress/tests?p=cypress/features/checkout.feature:17723:23)",
                "diff": null
              },
              "uuid": "34158149-160c-4661-902f-466b4abba84e",
              "parentUUID": "8bc1a2e4-0109-449e-99f3-3e2f9293ac5f",
              "isHook": false,
              "skipped": false
            },
            {
              "title": "Verify user can complete checkout for multiple items (example #1)",
              "fullTitle": "Adding Products to the Cart and Checkout Verify user can complete checkout for multiple items (example #1)",
              "timedOut": null,
              "duration": 6217,
              "state": "failed",
              "speed": null,
              "pass": false,
              "fail": true,
              "pending": false,
              "context": null,
              "code": "var _a3, _b, _c, _d, _e3;\nconst { remainingSteps, testCaseStartedId } = retrieveInternalSpecProperties();\nif (context.messagesEnabled) {\n  taskTestCaseStarted({\n    id: testCaseStartedId,\n    testCaseId,\n    attempt: attempt++,\n    timestamp: (0, messages_1.createTimestamp)()\n  });\n}\nwindow.testState = {\n  gherkinDocument,\n  pickles,\n  pickle\n};\nfor (const step of steps) {\n  if (step.hook) {\n    const hook = step.hook;\n    cy.then(() => {\n      delete window.testState.pickleStep;\n      const start = (0, messages_1.createTimestamp)();\n      internalProperties.currentStepStartedAt = start;\n      if (context.messagesEnabled) {\n        taskTestStepStarted({\n          testStepId: hook.id,\n          testCaseStartedId,\n          timestamp: start\n        });\n      }\n      return cy.wrap(start, { log: false });\n    }).then((start) => {\n      (0, cypress_1.runStepWithLogGroup)({\n        fn: () => registry2.runHook(this, hook),\n        keyword: hook.keyword,\n        text: hook.tags\n      });\n      return cy.wrap(start, { log: false });\n    }).then((start) => {\n      const end = (0, messages_1.createTimestamp)();\n      if (context.messagesEnabled) {\n        taskTestStepFinished({\n          testStepId: hook.id,\n          testCaseStartedId,\n          testStepResult: {\n            status: messages.TestStepResultStatus.PASSED,\n            duration: (0, messages_1.duration)(start, end)\n          },\n          timestamp: end\n        });\n      }\n      remainingSteps.shift();\n    });\n  } else if (step.pickleStep) {\n    const pickleStep = step.pickleStep;\n    const text = (0, assertions_1.assertAndReturn)(pickleStep.text, \"Expected pickle step to have a text\");\n    const scenarioStep = (0, assertions_1.assertAndReturn)(context.astIdsMap.get((0, assertions_1.assertAndReturn)((_a3 = pickleStep.astNodeIds) === null || _a3 === void 0 ? void 0 : _a3[0], \"Expected to find at least one astNodeId\")), `Expected to find scenario step associated with id = ${(_b = pickleStep.astNodeIds) === null || _b === void 0 ? void 0 : _b[0]}`);\n    const argument = ((_c = pickleStep.argument) === null || _c === void 0 ? void 0 : _c.dataTable) ? new data_table_1.default(pickleStep.argument.dataTable) : ((_e3 = (_d = pickleStep.argument) === null || _d === void 0 ? void 0 : _d.docString) === null || _e3 === void 0 ? void 0 : _e3.content) ? pickleStep.argument.docString.content : void 0;\n    cy.then(() => {\n      window.testState.pickleStep = step.pickleStep;\n      const start = (0, messages_1.createTimestamp)();\n      internalProperties.currentStep = { pickleStep };\n      internalProperties.currentStepStartedAt = start;\n      if (context.messagesEnabled) {\n        taskTestStepStarted({\n          testStepId: pickleStep.id,\n          testCaseStartedId,\n          timestamp: start\n        });\n      }\n      return cy.wrap(start, { log: false });\n    }).then((start) => {\n      const beforeStepHooks = registry2.resolveBeforeStepHooks(tags);\n      const afterStepHooks = registry2.resolveAfterStepHooks(tags);\n      const options = {\n        pickle,\n        pickleStep,\n        gherkinDocument,\n        testCaseStartedId,\n        testStepId: pickleStep.id\n      };\n      const beforeHooksChain = beforeStepHooks.reduce((chain, beforeStepHook) => {\n        return chain.then(() => (0, cypress_1.runStepWithLogGroup)({\n          keyword: \"BeforeStep\",\n          text: beforeStepHook.tags,\n          fn: () => registry2.runStepHook(this, beforeStepHook, options)\n        }));\n      }, cy.wrap({}, { log: false }));\n      return beforeHooksChain.then(() => {\n        try {\n          return (0, cypress_1.runStepWithLogGroup)({\n            keyword: (0, assertions_1.assertAndReturn)(\"keyword\" in scenarioStep && scenarioStep.keyword, \"Expected to find a keyword in the scenario step\"),\n            argument,\n            text,\n            fn: () => registry2.runStepDefininition(this, text, argument)\n          }).then((result) => {\n            return afterStepHooks.reverse().reduce((chain, afterStepHook) => {\n              return chain.then(() => (0, cypress_1.runStepWithLogGroup)({\n                keyword: \"AfterStep\",\n                text: afterStepHook.tags,\n                fn: () => registry2.runStepHook(this, afterStepHook, options)\n              }));\n            }, cy.wrap({}, { log: false })).then(() => {\n              return { start, result };\n            });\n          });\n        } catch (e2) {\n          if (e2 instanceof registry_1.MissingDefinitionError) {\n            throw new Error(createMissingStepDefinitionMessage(context, pickleStep, context.registry.parameterTypeRegistry));\n          } else {\n            throw e2;\n          }\n        }\n      });\n    }).then(({ start, result }) => {\n      var _a4, _b2, _c2;\n      const end = (0, messages_1.createTimestamp)();\n      if (result === \"pending\") {\n        if (context.messagesEnabled) {\n          taskTestStepFinished({\n            testStepId: pickleStep.id,\n            testCaseStartedId,\n            testStepResult: {\n              status: messages.TestStepResultStatus.PENDING,\n              duration: (0, messages_1.duration)(start, end)\n            },\n            timestamp: end\n          });\n          remainingSteps.shift();\n          for (const skippedStep of remainingSteps) {\n            const testStepId = (0, assertions_1.assertAndReturn)((_b2 = (_a4 = skippedStep.hook) === null || _a4 === void 0 ? void 0 : _a4.id) !== null && _b2 !== void 0 ? _b2 : (_c2 = skippedStep.pickleStep) === null || _c2 === void 0 ? void 0 : _c2.id, \"Expected a step to either be a hook or a pickleStep\");\n            taskTestStepStarted({\n              testStepId,\n              testCaseStartedId,\n              timestamp: (0, messages_1.createTimestamp)()\n            });\n            taskTestStepFinished({\n              testStepId,\n              testCaseStartedId,\n              testStepResult: {\n                status: messages.TestStepResultStatus.SKIPPED,\n                duration: {\n                  seconds: 0,\n                  nanos: 0\n                }\n              },\n              timestamp: (0, messages_1.createTimestamp)()\n            });\n          }\n        }\n        for (let i2 = 0, count = remainingSteps.length; i2 < count; i2++) {\n          remainingSteps.pop();\n        }\n        cy.then(() => this.skip());\n      } else {\n        if (context.messagesEnabled) {\n          taskTestStepFinished({\n            testStepId: pickleStep.id,\n            testCaseStartedId,\n            testStepResult: {\n              status: messages.TestStepResultStatus.PASSED,\n              duration: (0, messages_1.duration)(start, end)\n            },\n            timestamp: end\n          });\n        }\n        remainingSteps.shift();\n      }\n    });\n  }\n}",
              "err": {
                "message": "CypressError: `cy.wrap()` timed out waiting `4000ms` to complete.\n\nYou called `cy.wrap()` with a promise that never resolved.\n\nTo increase the timeout, use `{ timeout: number }`\n\nhttps://on.cypress.io/wrap",
                "estack": "CypressError: `cy.wrap()` timed out waiting `4000ms` to complete.\n\nYou called `cy.wrap()` with a promise that never resolved.\n\nTo increase the timeout, use `{ timeout: number }`\n\nhttps://on.cypress.io/wrap\n    at <unknown> (https://www.saucedemo.com/__cypress/runner/cypress_runner.js:120325:70)\n    at tryCatcher (https://www.saucedemo.com/__cypress/runner/cypress_runner.js:1807:23)\n    at <unknown> (https://www.saucedemo.com/__cypress/runner/cypress_runner.js:4186:41)\n    at tryCatcher (https://www.saucedemo.com/__cypress/runner/cypress_runner.js:1807:23)\n    at Promise._settlePromiseFromHandler (https://www.saucedemo.com/__cypress/runner/cypress_runner.js:1519:31)\n    at Promise._settlePromise (https://www.saucedemo.com/__cypress/runner/cypress_runner.js:1576:18)\n    at Promise._settlePromise0 (https://www.saucedemo.com/__cypress/runner/cypress_runner.js:1621:10)\n    at Promise._settlePromises (https://www.saucedemo.com/__cypress/runner/cypress_runner.js:1697:18)\n    at _drainQueueStep (https://www.saucedemo.com/__cypress/runner/cypress_runner.js:2407:12)\n    at _drainQueue (https://www.saucedemo.com/__cypress/runner/cypress_runner.js:2400:9)\n    at Async._drainQueues (https://www.saucedemo.com/__cypress/runner/cypress_runner.js:2416:5)\n    at Async.drainQueues (https://www.saucedemo.com/__cypress/runner/cypress_runner.js:2286:14)\nFrom Your Spec Code:\n    at Context.eval (https://www.saucedemo.com/__cypress/tests?p=cypress/features/checkout.feature:17723:23)",
                "diff": null
              },
              "uuid": "a34f461b-0dd5-4923-b1ff-fa9b01874390",
              "parentUUID": "8bc1a2e4-0109-449e-99f3-3e2f9293ac5f",
              "isHook": false,
              "skipped": false
            }
          ],
          "suites": [],
          "passes": [
            "7f2d5d4f-b2d5-4b3d-8910-6f2121ee503b",
            "53a3c359-8be9-4338-a021-e09d4e97d10b",
            "56cee12f-c503-41ab-8faf-92772c8002d5",
            "e3d7f39a-4edc-4204-af12-90bf62f477bc"
          ],
          "failures": [
            "34158149-160c-4661-902f-466b4abba84e",
            "a34f461b-0dd5-4923-b1ff-fa9b01874390"
          ],
          "pending": [],
          "skipped": [],
          "duration": 19902,
          "root": false,
          "rootEmpty": false,
          "_timeout": 2000
        }
      ],
      "passes": [],
      "failures": [],
      "pending": [],
      "skipped": [],
      "duration": 0,
      "root": true,
      "rootEmpty": true,
      "_timeout": 2000
    }
  ],
  "meta": {
    "mocha": {
      "version": "7.0.1"
    },
    "mochawesome": {
      "options": {
        "quiet": false,
        "reportFilename": "mochawesome",
        "saveHtml": false,
        "saveJson": true,
        "consoleReporter": "spec",
        "useInlineDiffs": false,
        "code": true
      },
      "version": "7.1.3"
    },
    "marge": {
      "options": {
        "reportDir": "cypress/results",
        "overwrite": false,
        "html": false,
        "json": true
      },
      "version": "6.2.0"
    }
  }
}